#
# A fatal error has been detected by the Java Runtime Environment:
#
#  EXCEPTION_ACCESS_VIOLATION (0xc0000005) at pc=0x0000000050b88618, pid=15508, tid=14436
#
# JRE version: Java(TM) SE Runtime Environment (8.0_45-b15) (build 1.8.0_45-b15)
# Java VM: Java HotSpot(TM) 64-Bit Server VM (25.45-b02 mixed mode windows-amd64 compressed oops)
# Problematic frame:
# V  [jvm.dll+0x138618]
#
# Failed to write core dump. Minidumps are not enabled by default on client versions of Windows
#
# If you would like to submit a bug report, please visit:
#   http://bugreport.java.com/bugreport/crash.jsp
#

---------------  T H R E A D  ---------------

Current thread (0x000000000306d800):  GCTaskThread [stack: 0x0000000012fc0000,0x00000000130c0000] [id=14436]

siginfo: ExceptionCode=0xc0000005, reading address 0xffffffffffffffff

Registers:
RAX=0x00000000133c0000, RBX=0x0000000000000d6f, RCX=0x0000000000000000, RDX=0x0000000000000000
RSP=0x00000000130bf560, RBP=0x0000000003144ba0, RSI=0x0000000083ef360c, RDI=0x0000000000002000
R8 =0x007fffffffbfe010, R9 =0x0000000000000000, R10=0x000000000000000c, R11=0x0000000000000000
R12=0x0000000083ef3620, R13=0x0000000000000010, R14=0x0000000083ef35d0, R15=0x0000000000000010
RIP=0x0000000050b88618, EFLAGS=0x0000000000010246

Top of Stack: (sp=0x00000000130bf560)
0x00000000130bf560:   0000000083ef35d0 0000000050b62be6
0x00000000130bf570:   0000000083ef35d0 0000000083ef35cc
0x00000000130bf580:   0000000003144ba0 0000000050b88733
0x00000000130bf590:   0000000000000000 000000000306e050
0x00000000130bf5a0:   000000000305d910 0000000000000000
0x00000000130bf5b0:   0000000000000d6f 0000000050e3f680
0x00000000130bf5c0:   0000000003144ba0 0000000000000004
0x00000000130bf5d0:   0000000051094a88 0000000051094a88
0x00000000130bf5e0:   0000000018f9aeb0 0000000050b62749
0x00000000130bf5f0:   0000000003144ba0 0000000000000005
0x00000000130bf600:   0000000003144ba0 0000000050b626b3
0x00000000130bf610:   0000000003144ba0 0000000050b62a6a
0x00000000130bf620:   0000000100006598 000000000305d910
0x00000000130bf630:   000000000306e060 000000000306e050
0x00000000130bf640:   0000000051094a88 0000000000000004
0x00000000130bf650:   0000000028a55430 0000000000000000 

Instructions: (pc=0x0000000050b88618)
0x0000000050b885f8:   05 43 ba 6c 00 49 c1 e8 03 49 d3 e8 41 0f b6 c0
0x0000000050b88608:   49 c1 e8 06 24 3f 0f b6 d0 48 8b 05 58 ba 6c 00
0x0000000050b88618:   4a 8b 0c c0 48 0f a3 d1 72 3e 48 8b cf e8 76 0d
0x0000000050b88628:   fd ff 84 c0 74 32 48 8b d7 48 8b cd e8 f7 dc fc 


Register to memory mapping:

RAX=0x00000000133c0000 is an unknown value
RBX=0x0000000000000d6f is an unknown value
RCX=0x0000000000000000 is an unknown value
RDX=0x0000000000000000 is an unknown value
RSP=0x00000000130bf560 is an unknown value
RBP=0x0000000003144ba0 is an unknown value
RSI=0x0000000083ef360c is pointing into object: 0x0000000083ef35d0
[Ljava.lang.Object; 
 - klass: 'java/lang/Object'[]
 - length: 16
RDI=0x0000000000002000 is an unknown value
R8 =0x007fffffffbfe010 is an unknown value
R9 =0x0000000000000000 is an unknown value
R10=0x000000000000000c is an unknown value
R11=0x0000000000000000 is an unknown value
R12=0x0000000083ef3620 is an oop
java.net.URL 
 - klass: 'java/net/URL'
R13=0x0000000000000010 is an unknown value
R14=0x0000000083ef35d0 is an oop
[Ljava.lang.Object; 
 - klass: 'java/lang/Object'[]
 - length: 16
R15=0x0000000000000010 is an unknown value


Stack: [0x0000000012fc0000,0x00000000130c0000],  sp=0x00000000130bf560,  free space=1021k
Native frames: (J=compiled Java code, j=interpreted, Vv=VM code, C=native code)
V  [jvm.dll+0x138618]
V  [jvm.dll+0x3ef680]
V  [jvm.dll+0x3ed0af]
V  [jvm.dll+0x3ea33e]
V  [jvm.dll+0x29853a]
C  [msvcr100.dll+0x21d9f]
C  [msvcr100.dll+0x21e3b]
C  [KERNEL32.DLL+0x12d92]
C  [ntdll.dll+0x9f64]


---------------  P R O C E S S  ---------------

Java Threads: ( => current thread )
  0x000000001d280000 JavaThread "qtp1969969319-31" [_thread_blocked, id=13316, stack(0x000000001fb70000,0x000000001fc70000)]
  0x000000001bdba000 JavaThread "qtp1969969319-30" [_thread_blocked, id=14200, stack(0x000000001fc70000,0x000000001fd70000)]
  0x000000001d712000 JavaThread "qtp1969969319-28" [_thread_blocked, id=14180, stack(0x000000001f770000,0x000000001f870000)]
  0x000000001bcb8000 JavaThread "qtp1969969319-27" [_thread_blocked, id=15392, stack(0x000000001f670000,0x000000001f770000)]
  0x000000001b19f000 JavaThread "qtp1969969319-26" [_thread_blocked, id=11056, stack(0x000000001f570000,0x000000001f670000)]
  0x000000001ba23800 JavaThread "qtp1969969319-25" [_thread_blocked, id=8116, stack(0x000000001f470000,0x000000001f570000)]
  0x000000001b817800 JavaThread "qtp1969969319-24" [_thread_blocked, id=15784, stack(0x000000001f370000,0x000000001f470000)]
  0x000000001b4fb800 JavaThread "qtp1969969319-23" [_thread_blocked, id=16052, stack(0x000000001f270000,0x000000001f370000)]
  0x000000001b01e800 JavaThread "qtp1969969319-22" [_thread_blocked, id=13628, stack(0x000000001dd30000,0x000000001de30000)]
  0x000000001b8a0000 JavaThread "qtp1969969319-21" [_thread_blocked, id=13608, stack(0x000000001c940000,0x000000001ca40000)]
  0x000000001a229800 JavaThread "Service Thread" daemon [_thread_blocked, id=1496, stack(0x000000001ab70000,0x000000001ac70000)]
  0x000000001a1a9000 JavaThread "C1 CompilerThread3" daemon [_thread_blocked, id=1164, stack(0x000000001aa70000,0x000000001ab70000)]
  0x000000001a1a3800 JavaThread "C2 CompilerThread2" daemon [_thread_blocked, id=13924, stack(0x000000001a970000,0x000000001aa70000)]
  0x000000001a19e800 JavaThread "C2 CompilerThread1" daemon [_thread_blocked, id=14796, stack(0x000000001a870000,0x000000001a970000)]
  0x000000001a19a000 JavaThread "C2 CompilerThread0" daemon [_thread_blocked, id=16356, stack(0x000000001a770000,0x000000001a870000)]
  0x000000001a198800 JavaThread "Attach Listener" daemon [_thread_blocked, id=1736, stack(0x000000001a670000,0x000000001a770000)]
  0x000000001a195800 JavaThread "Signal Dispatcher" daemon [_thread_blocked, id=12452, stack(0x000000001a570000,0x000000001a670000)]
  0x000000000314b800 JavaThread "Finalizer" daemon [_thread_blocked, id=13644, stack(0x000000001a070000,0x000000001a170000)]
  0x0000000003145000 JavaThread "Reference Handler" daemon [_thread_blocked, id=13684, stack(0x0000000019f70000,0x000000001a070000)]
  0x0000000003050800 JavaThread "main" [_thread_blocked, id=16288, stack(0x0000000002f50000,0x0000000003050000)]

Other Threads:
  0x0000000018189000 VMThread [stack: 0x0000000019e70000,0x0000000019f70000] [id=11380]
  0x000000001a236800 WatcherThread [stack: 0x000000001ac70000,0x000000001ad70000] [id=15500]

=>0x000000000306d800 (exited) GCTaskThread [stack: 0x0000000012fc0000,0x00000000130c0000] [id=14436]

VM state:at safepoint (normal execution)

VM Mutex/Monitor currently owned by a thread:  ([mutex/lock_event])
[0x0000000002f4c0a0] Threads_lock - owner thread: 0x0000000018189000
[0x0000000002f4dd30] Heap_lock - owner thread: 0x000000001d280000

Heap:
 PSYoungGen      total 211456K, used 22010K [0x00000000d5700000, 0x00000000ebc00000, 0x0000000100000000)
  eden space 189440K, 0% used [0x00000000d5700000,0x00000000d5700000,0x00000000e1000000)
  from space 22016K, 99% used [0x00000000e1000000,0x00000000e257e940,0x00000000e2580000)
  to   space 37376K, 0% used [0x00000000e9780000,0x00000000e9780000,0x00000000ebc00000)
 ParOldGen       total 69632K, used 69232K [0x0000000080400000, 0x0000000084800000, 0x00000000d5700000)
  object space 69632K, 99% used [0x0000000080400000,0x000000008479c398,0x0000000084800000)
 Metaspace       used 20969K, capacity 21510K, committed 21936K, reserved 1069056K
  class space    used 2418K, capacity 2629K, committed 2736K, reserved 1048576K

Card table byte_map: [0x0000000012510000,0x0000000012910000] byte_map_base: 0x000000001210e000

Marking Bits: (ParMarkBitMap*) 0x0000000051254040
 Begin Bits: [0x00000000133c0000, 0x00000000153b0000)
 End Bits:   [0x00000000153b0000, 0x00000000173a0000)

Polling page: 0x0000000002e70000

CodeCache: size=245760Kb used=12947Kb max_used=13652Kb free=232812Kb
 bounds [0x0000000003150000, 0x0000000003ec0000, 0x0000000012150000]
 total_blobs=3836 nmethods=3491 adapters=257
 compilation: enabled

Compilation events (10 events):
Event: 9.198 Thread 0x000000001a1a9000 4162       3       org.objectweb.asm.ClassReader::a (67 bytes)
Event: 9.198 Thread 0x000000001a1a9000 nmethod 4162 0x0000000003bd9b50 code [0x0000000003bd9d00, 0x0000000003bda268]
Event: 9.198 Thread 0x000000001a1a9000 4163       3       org.objectweb.asm.Attribute::read (39 bytes)
Event: 9.199 Thread 0x000000001a1a9000 nmethod 4163 0x0000000003bd9410 code [0x0000000003bd95a0, 0x0000000003bd9988]
Event: 9.203 Thread 0x000000001a1a9000 4165       2       java.util.Hashtable::<init> (8 bytes)
Event: 9.203 Thread 0x000000001a1a9000 nmethod 4165 0x0000000003bd9050 code [0x0000000003bd91e0, 0x0000000003bd9368]
Event: 9.225 Thread 0x000000001a1a3800 nmethod 4095 0x00000000038b57d0 code [0x00000000038b5a80, 0x00000000038b7888]
Event: 9.225 Thread 0x000000001a1a3800 4166       4       java.util.jar.Manifest$FastInputStream::readLine (167 bytes)
Event: 9.233 Thread 0x000000001a1a3800 nmethod 4166 0x000000000372cbd0 code [0x000000000372cd20, 0x000000000372d1f8]
Event: 9.234 Thread 0x000000001a1a3800 4164       4       org.eclipse.jetty.annotations.AnnotationParser$MyMethodVisitor::visitAnnotation (55 bytes)

GC Heap History (10 events):
Event: 8.059 GC heap after
Heap after GC invocations=8 (full 0):
 PSYoungGen      total 128512K, used 3552K [0x00000000d5700000, 0x00000000de900000, 0x0000000100000000)
  eden space 124928K, 0% used [0x00000000d5700000,0x00000000d5700000,0x00000000dd100000)
  from space 3584K, 99% used [0x00000000de000000,0x00000000de378010,0x00000000de380000)
  to   space 12288K, 0% used [0x00000000dd100000,0x00000000dd100000,0x00000000ddd00000)
 ParOldGen       total 87552K, used 18222K [0x0000000080400000, 0x0000000085980000, 0x00000000d5700000)
  object space 87552K, 20% used [0x0000000080400000,0x00000000815cba38,0x0000000085980000)
 Metaspace       used 20016K, capacity 20462K, committed 20736K, reserved 1067008K
  class space    used 2316K, capacity 2493K, committed 2560K, reserved 1048576K
}
Event: 8.178 GC heap before
{Heap before GC invocations=9 (full 0):
 PSYoungGen      total 128512K, used 20851K [0x00000000d5700000, 0x00000000de900000, 0x0000000100000000)
  eden space 124928K, 13% used [0x00000000d5700000,0x00000000d67e4f98,0x00000000dd100000)
  from space 3584K, 99% used [0x00000000de000000,0x00000000de378010,0x00000000de380000)
  to   space 12288K, 0% used [0x00000000dd100000,0x00000000dd100000,0x00000000ddd00000)
 ParOldGen       total 87552K, used 18222K [0x0000000080400000, 0x0000000085980000, 0x00000000d5700000)
  object space 87552K, 20% used [0x0000000080400000,0x00000000815cba38,0x0000000085980000)
 Metaspace       used 20677K, capacity 21158K, committed 21296K, reserved 1069056K
  class space    used 2403K, capacity 2597K, committed 2608K, reserved 1048576K
Event: 8.182 GC heap after
Heap after GC invocations=9 (full 0):
 PSYoungGen      total 137216K, used 2847K [0x00000000d5700000, 0x00000000e3380000, 0x0000000100000000)
  eden space 124928K, 0% used [0x00000000d5700000,0x00000000d5700000,0x00000000dd100000)
  from space 12288K, 23% used [0x00000000dd100000,0x00000000dd3c7d30,0x00000000ddd00000)
  to   space 12800K, 0% used [0x00000000e2700000,0x00000000e2700000,0x00000000e3380000)
 ParOldGen       total 87552K, used 20614K [0x0000000080400000, 0x0000000085980000, 0x00000000d5700000)
  object space 87552K, 23% used [0x0000000080400000,0x0000000081821a38,0x0000000085980000)
 Metaspace       used 20677K, capacity 21158K, committed 21296K, reserved 1069056K
  class space    used 2403K, capacity 2597K, committed 2608K, reserved 1048576K
}
Event: 8.183 GC heap before
{Heap before GC invocations=10 (full 1):
 PSYoungGen      total 137216K, used 2847K [0x00000000d5700000, 0x00000000e3380000, 0x0000000100000000)
  eden space 124928K, 0% used [0x00000000d5700000,0x00000000d5700000,0x00000000dd100000)
  from space 12288K, 23% used [0x00000000dd100000,0x00000000dd3c7d30,0x00000000ddd00000)
  to   space 12800K, 0% used [0x00000000e2700000,0x00000000e2700000,0x00000000e3380000)
 ParOldGen       total 87552K, used 20614K [0x0000000080400000, 0x0000000085980000, 0x00000000d5700000)
  object space 87552K, 23% used [0x0000000080400000,0x0000000081821a38,0x0000000085980000)
 Metaspace       used 20677K, capacity 21158K, committed 21296K, reserved 1069056K
  class space    used 2403K, capacity 2597K, committed 2608K, reserved 1048576K
Event: 8.232 GC heap after
Heap after GC invocations=10 (full 1):
 PSYoungGen      total 137216K, used 0K [0x00000000d5700000, 0x00000000e3380000, 0x0000000100000000)
  eden space 124928K, 0% used [0x00000000d5700000,0x00000000d5700000,0x00000000dd100000)
  from space 12288K, 0% used [0x00000000dd100000,0x00000000dd100000,0x00000000ddd00000)
  to   space 12800K, 0% used [0x00000000e2700000,0x00000000e2700000,0x00000000e3380000)
 ParOldGen       total 62464K, used 15786K [0x0000000080400000, 0x0000000084100000, 0x00000000d5700000)
  object space 62464K, 25% used [0x0000000080400000,0x000000008136a8e8,0x0000000084100000)
 Metaspace       used 20677K, capacity 21158K, committed 21296K, reserved 1069056K
  class space    used 2403K, capacity 2597K, committed 2608K, reserved 1048576K
}
Event: 8.651 GC heap before
{Heap before GC invocations=11 (full 1):
 PSYoungGen      total 137216K, used 124928K [0x00000000d5700000, 0x00000000e3380000, 0x0000000100000000)
  eden space 124928K, 100% used [0x00000000d5700000,0x00000000dd100000,0x00000000dd100000)
  from space 12288K, 0% used [0x00000000dd100000,0x00000000dd100000,0x00000000ddd00000)
  to   space 12800K, 0% used [0x00000000e2700000,0x00000000e2700000,0x00000000e3380000)
 ParOldGen       total 62464K, used 15788K [0x0000000080400000, 0x0000000084100000, 0x00000000d5700000)
  object space 62464K, 25% used [0x0000000080400000,0x000000008136b2c0,0x0000000084100000)
 Metaspace       used 20954K, capacity 21510K, committed 21936K, reserved 1069056K
  class space    used 2418K, capacity 2629K, committed 2736K, reserved 1048576K
Event: 8.692 GC heap after
Heap after GC invocations=11 (full 1):
 PSYoungGen      total 202240K, used 12772K [0x00000000d5700000, 0x00000000e3b00000, 0x0000000100000000)
  eden space 189440K, 0% used [0x00000000d5700000,0x00000000d5700000,0x00000000e1000000)
  from space 12800K, 99% used [0x00000000e2700000,0x00000000e33791d0,0x00000000e3380000)
  to   space 22016K, 0% used [0x00000000e1000000,0x00000000e1000000,0x00000000e2580000)
 ParOldGen       total 62464K, used 36763K [0x0000000080400000, 0x0000000084100000, 0x00000000d5700000)
  object space 62464K, 58% used [0x0000000080400000,0x00000000827e6f30,0x0000000084100000)
 Metaspace       used 20954K, capacity 21510K, committed 21936K, reserved 1069056K
  class space    used 2418K, capacity 2629K, committed 2736K, reserved 1048576K
}
Event: 9.274 GC heap before
{Heap before GC invocations=12 (full 1):
 PSYoungGen      total 202240K, used 202212K [0x00000000d5700000, 0x00000000e3b00000, 0x0000000100000000)
  eden space 189440K, 100% used [0x00000000d5700000,0x00000000e1000000,0x00000000e1000000)
  from space 12800K, 99% used [0x00000000e2700000,0x00000000e33791d0,0x00000000e3380000)
  to   space 22016K, 0% used [0x00000000e1000000,0x00000000e1000000,0x00000000e2580000)
 ParOldGen       total 62464K, used 36769K [0x0000000080400000, 0x0000000084100000, 0x00000000d5700000)
  object space 62464K, 58% used [0x0000000080400000,0x00000000827e8788,0x0000000084100000)
 Metaspace       used 20969K, capacity 21510K, committed 21936K, reserved 1069056K
  class space    used 2418K, capacity 2629K, committed 2736K, reserved 1048576K
Event: 9.334 GC heap after
Heap after GC invocations=12 (full 1):
 PSYoungGen      total 211456K, used 22010K [0x00000000d5700000, 0x00000000ebc00000, 0x0000000100000000)
  eden space 189440K, 0% used [0x00000000d5700000,0x00000000d5700000,0x00000000e1000000)
  from space 22016K, 99% used [0x00000000e1000000,0x00000000e257e940,0x00000000e2580000)
  to   space 37376K, 0% used [0x00000000e9780000,0x00000000e9780000,0x00000000ebc00000)
 ParOldGen       total 69632K, used 69232K [0x0000000080400000, 0x0000000084800000, 0x00000000d5700000)
  object space 69632K, 99% used [0x0000000080400000,0x000000008479c398,0x0000000084800000)
 Metaspace       used 20969K, capacity 21510K, committed 21936K, reserved 1069056K
  class space    used 2418K, capacity 2629K, committed 2736K, reserved 1048576K
}
Event: 9.334 GC heap before
{Heap before GC invocations=13 (full 2):
 PSYoungGen      total 211456K, used 22010K [0x00000000d5700000, 0x00000000ebc00000, 0x0000000100000000)
  eden space 189440K, 0% used [0x00000000d5700000,0x00000000d5700000,0x00000000e1000000)
  from space 22016K, 99% used [0x00000000e1000000,0x00000000e257e940,0x00000000e2580000)
  to   space 37376K, 0% used [0x00000000e9780000,0x00000000e9780000,0x00000000ebc00000)
 ParOldGen       total 69632K, used 69232K [0x0000000080400000, 0x0000000084800000, 0x00000000d5700000)
  object space 69632K, 99% used [0x0000000080400000,0x000000008479c398,0x0000000084800000)
 Metaspace       used 20969K, capacity 21510K, committed 21936K, reserved 1069056K
  class space    used 2418K, capacity 2629K, committed 2736K, reserved 1048576K

Deoptimization events (10 events):
Event: 8.293 Thread 0x000000001d712000 Uncommon trap: reason=unstable_if action=reinterpret pc=0x000000000392c5c8 method=java.util.concurrent.ConcurrentHashMap.get(Ljava/lang/Object;)Ljava/lang/Object; @ 86
Event: 8.331 Thread 0x000000001b01e800 Uncommon trap: reason=unstable_if action=reinterpret pc=0x00000000036adc74 method=java.util.zip.ZipInputStream.read([BII)I @ 128
Event: 8.344 Thread 0x000000001b01e800 Uncommon trap: reason=unstable_if action=reinterpret pc=0x0000000003c1a8e4 method=java.util.jar.Manifest$FastInputStream.readLine([BII)I @ 87
Event: 8.417 Thread 0x000000001bdba000 Uncommon trap: reason=unstable_if action=reinterpret pc=0x000000000329c760 method=java.util.concurrent.ConcurrentHashMap.putVal(Ljava/lang/Object;Ljava/lang/Object;Z)Ljava/lang/Object; @ 113
Event: 8.551 Thread 0x000000001d280000 Uncommon trap: reason=unstable_if action=reinterpret pc=0x00000000037ceee8 method=org.objectweb.asm.ClassReader.b(Lorg/objectweb/asm/ClassVisitor;Lorg/objectweb/asm/Context;I)I @ 303
Event: 8.605 Thread 0x000000001ba23800 Uncommon trap: reason=unstable_if action=reinterpret pc=0x0000000003c17468 method=java.util.jar.Attributes$Name.isAlpha(C)Z @ 21
Event: 8.706 Thread 0x000000000314b800 Uncommon trap: reason=unstable_if action=reinterpret pc=0x00000000034628b4 method=java.util.zip.Inflater.ended()Z @ 16
Event: 8.972 Thread 0x000000001d712000 Uncommon trap: reason=unstable_if action=reinterpret pc=0x00000000032f9cd0 method=org.objectweb.asm.ClassReader.b(Lorg/objectweb/asm/ClassVisitor;Lorg/objectweb/asm/Context;I)I @ 388
Event: 9.147 Thread 0x000000001bcb8000 Uncommon trap: reason=unstable_if action=reinterpret pc=0x0000000003a231d0 method=org.eclipse.jetty.util.ConcurrentHashSet.add(Ljava/lang/Object;)Z @ 13
Event: 9.155 Thread 0x000000001bcb8000 Uncommon trap: reason=unstable_if action=reinterpret pc=0x0000000003667b7c method=org.objectweb.asm.ClassReader.accept(Lorg/objectweb/asm/ClassVisitor;[Lorg/objectweb/asm/Attribute;I)V @ 412

Internal exceptions (10 events):
Event: 8.113 Thread 0x0000000003050800 Exception <a 'java/lang/ClassNotFoundException': sun/net/www/protocol/c/Handler> (0x00000000d6166860) thrown at [C:\re\workspace\8-2-build-windows-amd64-cygwin\jdk8u45\3627\hotspot\src\share\vm\classfile\systemDictionary.cpp, line 210]
Event: 8.113 Thread 0x0000000003050800 Exception <a 'java/lang/ClassNotFoundException': sun/net/www/protocol/c/Handler> (0x00000000d6168910) thrown at [C:\re\workspace\8-2-build-windows-amd64-cygwin\jdk8u45\3627\hotspot\src\share\vm\classfile\systemDictionary.cpp, line 210]
Event: 8.150 Thread 0x0000000003050800 Exception <a 'java/security/PrivilegedActionException'> (0x00000000d6413838) thrown at [C:\re\workspace\8-2-build-windows-amd64-cygwin\jdk8u45\3627\hotspot\src\share\vm\prims\jvm.cpp, line 1382]
Event: 8.150 Thread 0x0000000003050800 Exception <a 'java/security/PrivilegedActionException'> (0x00000000d6413d10) thrown at [C:\re\workspace\8-2-build-windows-amd64-cygwin\jdk8u45\3627\hotspot\src\share\vm\prims\jvm.cpp, line 1382]
Event: 8.150 Thread 0x0000000003050800 Exception <a 'java/security/PrivilegedActionException'> (0x00000000d6415450) thrown at [C:\re\workspace\8-2-build-windows-amd64-cygwin\jdk8u45\3627\hotspot\src\share\vm\prims\jvm.cpp, line 1382]
Event: 8.150 Thread 0x0000000003050800 Exception <a 'java/security/PrivilegedActionException'> (0x00000000d6415928) thrown at [C:\re\workspace\8-2-build-windows-amd64-cygwin\jdk8u45\3627\hotspot\src\share\vm\prims\jvm.cpp, line 1382]
Event: 8.150 Thread 0x0000000003050800 Exception <a 'java/security/PrivilegedActionException'> (0x00000000d64170e0) thrown at [C:\re\workspace\8-2-build-windows-amd64-cygwin\jdk8u45\3627\hotspot\src\share\vm\prims\jvm.cpp, line 1382]
Event: 8.150 Thread 0x0000000003050800 Exception <a 'java/security/PrivilegedActionException'> (0x00000000d64175b8) thrown at [C:\re\workspace\8-2-build-windows-amd64-cygwin\jdk8u45\3627\hotspot\src\share\vm\prims\jvm.cpp, line 1382]
Event: 8.150 Thread 0x0000000003050800 Exception <a 'java/security/PrivilegedActionException'> (0x00000000d6418cf8) thrown at [C:\re\workspace\8-2-build-windows-amd64-cygwin\jdk8u45\3627\hotspot\src\share\vm\prims\jvm.cpp, line 1382]
Event: 8.150 Thread 0x0000000003050800 Exception <a 'java/security/PrivilegedActionException'> (0x00000000d64191d0) thrown at [C:\re\workspace\8-2-build-windows-amd64-cygwin\jdk8u45\3627\hotspot\src\share\vm\prims\jvm.cpp, line 1382]

Events (10 events):
Event: 9.155 Thread 0x000000001bcb8000 Uncommon trap: trap_request=0xffffff65 fr.pc=0x0000000003667b7c
Event: 9.155 Thread 0x000000001bcb8000 DEOPT PACKING pc=0x0000000003667b7c sp=0x000000001f76eeb0
Event: 9.155 Thread 0x000000001bcb8000 DEOPT UNPACKING pc=0x000000000319582a sp=0x000000001f76eec8 mode 2
Event: 9.207 Thread 0x000000001b817800 DEOPT PACKING pc=0x00000000039daa52 sp=0x000000001f46f150
Event: 9.207 Thread 0x000000001b817800 DEOPT UNPACKING pc=0x000000000319787f sp=0x000000001f46ee70 mode 0
Event: 9.227 Thread 0x000000001b01e800 DEOPT PACKING pc=0x00000000039daa52 sp=0x000000001de2ec70
Event: 9.227 Thread 0x000000001b01e800 DEOPT UNPACKING pc=0x000000000319787f sp=0x000000001de2e990 mode 0
Event: 9.273 Executing VM operation: ParallelGCFailedAllocation
Event: 9.273 Executing VM operation: ParallelGCFailedAllocation done
Event: 9.274 Executing VM operation: ParallelGCSystemGC


Dynamic libraries:
0x00007ff646ec0000 - 0x00007ff646ef7000 	C:\Program Files\Java\jdk1.8.0_45\bin\javaw.exe
0x00007ffcef640000 - 0x00007ffcef801000 	C:\WINDOWS\SYSTEM32\ntdll.dll
0x00007ffced480000 - 0x00007ffced52d000 	C:\WINDOWS\system32\KERNEL32.DLL
0x00007ffcec720000 - 0x00007ffcec8fd000 	C:\WINDOWS\system32\KERNELBASE.dll
0x00007ffceccf0000 - 0x00007ffcecd96000 	C:\WINDOWS\system32\ADVAPI32.dll
0x00007ffced8a0000 - 0x00007ffced93d000 	C:\WINDOWS\system32\msvcrt.dll
0x00007ffced530000 - 0x00007ffced58b000 	C:\WINDOWS\system32\sechost.dll
0x00007ffced760000 - 0x00007ffced886000 	C:\WINDOWS\system32\RPCRT4.dll
0x00007ffcecee0000 - 0x00007ffced02e000 	C:\WINDOWS\system32\USER32.dll
0x00007ffcef1d0000 - 0x00007ffcef356000 	C:\WINDOWS\system32\GDI32.dll
0x00007ffce47c0000 - 0x00007ffce4a34000 	C:\WINDOWS\WinSxS\amd64_microsoft.windows.common-controls_6595b64144ccf1df_6.0.10240.16384_none_f41f7b285750ef43\COMCTL32.dll
0x00007ffced2e0000 - 0x00007ffced316000 	C:\WINDOWS\system32\IMM32.DLL
0x00007ffced320000 - 0x00007ffced47c000 	C:\WINDOWS\system32\MSCTF.dll
0x0000000052ae0000 - 0x0000000052bb2000 	C:\Program Files\Java\jdk1.8.0_45\jre\bin\msvcr100.dll
0x0000000050a50000 - 0x00000000512d3000 	C:\Program Files\Java\jdk1.8.0_45\jre\bin\server\jvm.dll
0x00007ffced890000 - 0x00007ffced898000 	C:\WINDOWS\system32\PSAPI.DLL
0x00007ffce16c0000 - 0x00007ffce16c9000 	C:\WINDOWS\SYSTEM32\WSOCK32.dll
0x00007ffce8830000 - 0x00007ffce8853000 	C:\WINDOWS\SYSTEM32\WINMM.dll
0x00007ffce9030000 - 0x00007ffce903a000 	C:\WINDOWS\SYSTEM32\VERSION.dll
0x00007ffceeee0000 - 0x00007ffceef49000 	C:\WINDOWS\system32\WS2_32.dll
0x00007ffced5a0000 - 0x00007ffced5a8000 	C:\WINDOWS\system32\NSI.dll
0x00007ffce87d0000 - 0x00007ffce87fc000 	C:\WINDOWS\SYSTEM32\WINMMBASE.dll
0x00007ffcecca0000 - 0x00007ffcecce4000 	C:\WINDOWS\system32\cfgmgr32.dll
0x00007ffceab40000 - 0x00007ffceab67000 	C:\WINDOWS\SYSTEM32\DEVOBJ.dll
0x0000000052ad0000 - 0x0000000052adf000 	C:\Program Files\Java\jdk1.8.0_45\jre\bin\verify.dll
0x0000000052aa0000 - 0x0000000052ac9000 	C:\Program Files\Java\jdk1.8.0_45\jre\bin\java.dll
0x0000000052a80000 - 0x0000000052a96000 	C:\Program Files\Java\jdk1.8.0_45\jre\bin\zip.dll
0x00007ffced9b0000 - 0x00007ffceeed2000 	C:\WINDOWS\system32\SHELL32.dll
0x00007ffcec0f0000 - 0x00007ffcec719000 	C:\WINDOWS\system32\windows.storage.dll
0x00007ffceef50000 - 0x00007ffcef1cc000 	C:\WINDOWS\system32\combase.dll
0x00007ffcece80000 - 0x00007ffceced1000 	C:\WINDOWS\system32\shlwapi.dll
0x00007ffcec0a0000 - 0x00007ffcec0af000 	C:\WINDOWS\system32\kernel.appcore.dll
0x00007ffcec960000 - 0x00007ffceca13000 	C:\WINDOWS\system32\shcore.dll
0x00007ffcec050000 - 0x00007ffcec09a000 	C:\WINDOWS\system32\powrprof.dll
0x00007ffcec0d0000 - 0x00007ffcec0e3000 	C:\WINDOWS\system32\profapi.dll
0x0000000052a60000 - 0x0000000052a7a000 	C:\Program Files\Java\jdk1.8.0_45\jre\bin\net.dll
0x00007ffceb860000 - 0x00007ffceb8bd000 	C:\WINDOWS\system32\mswsock.dll
0x0000000052a40000 - 0x0000000052a51000 	C:\Program Files\Java\jdk1.8.0_45\jre\bin\nio.dll
0x0000000052a30000 - 0x0000000052a3d000 	C:\Program Files\Java\jdk1.8.0_45\jre\bin\management.dll
0x00007ffcd0900000 - 0x00007ffcd0a8a000 	C:\WINDOWS\SYSTEM32\dbghelp.dll

VM Arguments:
jvm_args: -Dmaven.home=EMBEDDED -Dclassworlds.conf=D:\Desenv\JavaWeb\.metadata\.plugins\org.eclipse.m2e.launching\launches\m2conf3312518580085449206.tmp -Dfile.encoding=Cp1252 
java_command: org.codehaus.plexus.classworlds.launcher.Launcher -B jetty:run
java_class_path (initial): /D:/Desenv/Eclipse/plugins/org.eclipse.m2e.maven.runtime_1.5.1.20150109-1819/jars/plexus-classworlds-2.5.1.jar
Launcher Type: SUN_STANDARD

Environment Variables:
PATH=C:\Program Files (x86)\Intel\iCLS Client\;C:\Program Files\Intel\iCLS Client\;C:\Windows\system32;C:\Windows;C:\Windows\System32\Wbem;C:\Windows\System32\WindowsPowerShell\v1.0\;C:\Program Files\Intel\Intel(R) Management Engine Components\DAL;C:\Program Files\Intel\Intel(R) Management Engine Components\IPT;C:\Program Files (x86)\Intel\Intel(R) Management Engine Components\DAL;C:\Program Files (x86)\Intel\Intel(R) Management Engine Components\IPT;C:\Program Files (x86)\NVIDIA Corporation\PhysX\Common;C:\WINDOWS\system32;C:\WINDOWS;C:\WINDOWS\System32\Wbem;C:\WINDOWS\System32\WindowsPowerShell\v1.0\;C:\Program Files (x86)\MySQL\MySQL Fabric 1.5.4 & MySQL Utilities 1.5.4 1.5\;C:\Program Files (x86)\MySQL\MySQL Fabric 1.5.4 & MySQL Utilities 1.5.4 1.5\Doctrine extensions for PHP\;C:\Program Files (x86)\Skype\Phone\;C:\Program Files\Git\cmd
USERNAME=Muriaki
OS=Windows_NT
PROCESSOR_IDENTIFIER=Intel64 Family 6 Model 42 Stepping 7, GenuineIntel



---------------  S Y S T E M  ---------------

OS: Windows 10.0 , 64 bit Build 10240 (10.0.10240.16384)

CPU:total 8 (4 cores per cpu, 2 threads per core) family 6 model 42 stepping 7, cmov, cx8, fxsr, mmx, sse, sse2, sse3, ssse3, sse4.1, sse4.2, popcnt, avx, aes, clmul, ht, tsc, tscinvbit

Memory: 4k page, physical 8368068k(3205976k free), swap 16756676k(9273680k free)

vm_info: Java HotSpot(TM) 64-Bit Server VM (25.45-b02) for windows-amd64 JRE (1.8.0_45-b15), built on Apr 30 2015 12:40:44 by "java_re" with MS VC++ 10.0 (VS2010)

time: Sun Sep 20 18:13:40 2015
elapsed time: 9 seconds (0d 0h 0m 9s)

